2023-12-23 13:27:27 - INFO - log: 11 - ====== WebDriver manager ======
2023-12-23 13:27:28 - INFO - log: 11 - Get LATEST chromedriver version for google-chrome
2023-12-23 13:27:28 - INFO - log: 11 - Get LATEST chromedriver version for google-chrome
2023-12-23 13:27:29 - INFO - log: 11 - Driver [C:\Users\bonda\.wdm\drivers\chromedriver\win64\120.0.6099.109\chromedriver-win32/chromedriver.exe] found in cache
2023-12-23 13:27:30 - INFO - test_loading_site: 13 - Тест  проверки загрузки страницы запущен
2023-12-23 13:27:32 - INFO - get_text_from_element: 52 - Мы находим текст ОМДЖЕТ в поле ('xpath', '//*[@id="b5538"]/section/div/h2/p[1]/span')
2023-12-23 13:27:32 - INFO - test_email: 21 - Тест проверки отображения email запущен
2023-12-23 13:27:33 - INFO - get_text_from_element: 52 - Мы находим текст INFO@OMJET.RU в поле ('xpath', '//*[@id="navBar5598"]/ul/li[1]/a')
2023-12-23 13:27:33 - INFO - test_phone: 28 - Тест проверки отображения телефона запущен
2023-12-23 13:27:34 - INFO - get_text_from_element: 52 - Мы находим текст +7 3812 99 20 72 в поле ('xpath', '//*[@id="navBar5598"]/ul/li[3]/a')
2023-12-23 13:27:34 - INFO - test_address: 35 - Тест проверки отображения адреса запущен
2023-12-23 13:27:35 - INFO - get_text_from_element: 52 - Мы находим текст Г. ОМСК, УЛ. КЕМЕРОВСКАЯ 10, ОФ. 113 в поле ('xpath', '//*[@id="navBar5598"]/ul/li[2]/a')
2023-12-23 13:27:35 - INFO - test_feedback: 70 - Тест проверки формы обратной связи запущен
2023-12-23 13:27:39 - ERROR - find_element: 17 - Ошибка при поиске элемента
Traceback (most recent call last):
  File "C:\graduate work\BaseApp.py", line 14, in find_element
    element = WebDriverWait(self.driver, time).until(EC.presence_of_element_located(locator),
              ^^^^^^^^^^^^^^^^^^^^^^^^^^^^^^^^^^^^^^^^^^^^^^^^^^^^^^^^^^^^^^^^^^^^^^^^^^^^^^^
  File "C:\graduate work\venv\Lib\site-packages\selenium\webdriver\support\wait.py", line 105, in until
    raise TimeoutException(message, screen, stacktrace)
selenium.common.exceptions.TimeoutException: Message: Элемент с локатором ('xpath', '/html/body/div[2]/div/div[3]/div[3]/div[2]/div[2]/div[1]') не найден
Stacktrace:
	GetHandleVerifier [0x011A6EE3+174339]
	(No symbol) [0x010D0A51]
	(No symbol) [0x00DE6FF6]
	(No symbol) [0x00E19876]
	(No symbol) [0x00E19C2C]
	(No symbol) [0x00E4BD42]
	(No symbol) [0x00E37054]
	(No symbol) [0x00E4A104]
	(No symbol) [0x00E36DA6]
	(No symbol) [0x00E11034]
	(No symbol) [0x00E11F8D]
	GetHandleVerifier [0x01244B1C+820540]
	sqlite3_dbdata_init [0x013053EE+653550]
	sqlite3_dbdata_init [0x01304E09+652041]
	sqlite3_dbdata_init [0x012F97CC+605388]
	sqlite3_dbdata_init [0x01305D9B+656027]
	(No symbol) [0x010DFE6C]
	(No symbol) [0x010D83B8]
	(No symbol) [0x010D84DD]
	(No symbol) [0x010C5818]
	BaseThreadInitThunk [0x75A27BA9+25]
	RtlInitializeExceptionChain [0x7744BD2B+107]
	RtlClearBits [0x7744BCAF+191]

2023-12-23 13:27:39 - INFO - click_button: 68 - Нажимаем feedback_btn кнопку
2023-12-23 13:27:39 - INFO - enter_text_into_field: 26 - Отправлено 'Test' элементу feedback_input_name
2023-12-23 13:27:39 - INFO - enter_text_into_field: 26 - Отправлено 'Testov' элементу feedback_input_surname
2023-12-23 13:27:39 - INFO - enter_text_into_field: 26 - Отправлено '70000000000' элементу feedback_input_phone
2023-12-23 13:27:39 - INFO - enter_text_into_field: 26 - Отправлено 'test@mail.ru' элементу feedback_input_email
2023-12-23 13:27:40 - INFO - click_button: 68 - Нажимаем feedback_send_btn кнопку
2023-12-23 13:27:41 - INFO - get_text_from_element: 52 - Мы находим текст Спасибо, ваше сообщение отправлено. в поле ('xpath', '//*[@id="b24-b24-site-button-form-74"]/div/div[2]/div/div/div[2]/div[3]/div[2]/div[1]/div[2]')
